2021-01-19 22:42:42.297  INFO 6592 --- [restartedMain] c.g.libraryapi.LibraryApiApplication     : Starting LibraryApiApplication on DESKTOP-GR60330 with PID 6592 (C:\workspace-teste\library-api\target\classes started by gabri in C:\workspace-teste\library-api)
2021-01-19 22:42:42.306  INFO 6592 --- [restartedMain] c.g.libraryapi.LibraryApiApplication     : No active profile set, falling back to default profiles: default
2021-01-19 22:42:42.370  INFO 6592 --- [restartedMain] .e.DevToolsPropertyDefaultsPostProcessor : Devtools property defaults active! Set 'spring.devtools.add-properties' to 'false' to disable
2021-01-19 22:42:42.370  INFO 6592 --- [restartedMain] .e.DevToolsPropertyDefaultsPostProcessor : For additional web related logging consider setting the 'logging.level.web' property to 'DEBUG'
2021-01-19 22:42:43.588  INFO 6592 --- [restartedMain] .s.d.r.c.RepositoryConfigurationDelegate : Bootstrapping Spring Data JPA repositories in DEFERRED mode.
2021-01-19 22:42:43.724  INFO 6592 --- [restartedMain] .s.d.r.c.RepositoryConfigurationDelegate : Finished Spring Data repository scanning in 112ms. Found 2 JPA repository interfaces.
2021-01-19 22:42:44.578  INFO 6592 --- [restartedMain] o.s.b.w.embedded.tomcat.TomcatWebServer  : Tomcat initialized with port(s): 8080 (http)
2021-01-19 22:42:44.588  INFO 6592 --- [restartedMain] o.apache.catalina.core.StandardService   : Starting service [Tomcat]
2021-01-19 22:42:44.589  INFO 6592 --- [restartedMain] org.apache.catalina.core.StandardEngine  : Starting Servlet engine: [Apache Tomcat/9.0.39]
2021-01-19 22:42:44.690  INFO 6592 --- [restartedMain] o.a.c.c.C.[Tomcat].[localhost].[/]       : Initializing Spring embedded WebApplicationContext
2021-01-19 22:42:44.690  INFO 6592 --- [restartedMain] w.s.c.ServletWebServerApplicationContext : Root WebApplicationContext: initialization completed in 2319 ms
2021-01-19 22:42:44.833  INFO 6592 --- [restartedMain] com.zaxxer.hikari.HikariDataSource       : HikariPool-1 - Starting...
2021-01-19 22:42:45.066  INFO 6592 --- [restartedMain] com.zaxxer.hikari.HikariDataSource       : HikariPool-1 - Start completed.
2021-01-19 22:42:45.075  INFO 6592 --- [restartedMain] o.s.b.a.h2.H2ConsoleAutoConfiguration    : H2 console available at '/h2-console'. Database available at 'jdbc:h2:~/testLibraryApi'
2021-01-19 22:42:45.292  INFO 6592 --- [restartedMain] o.s.s.concurrent.ThreadPoolTaskExecutor  : Initializing ExecutorService 'applicationTaskExecutor'
2021-01-19 22:42:45.305  INFO 6592 --- [restartedMain] o.s.s.c.ThreadPoolTaskScheduler          : Initializing ExecutorService 'taskScheduler'
2021-01-19 22:42:45.380  INFO 6592 --- [task-1] o.hibernate.jpa.internal.util.LogHelper  : HHH000204: Processing PersistenceUnitInfo [name: default]
2021-01-19 22:42:45.471  INFO 6592 --- [task-1] org.hibernate.Version                    : HHH000412: Hibernate ORM core version 5.4.23.Final
2021-01-19 22:42:45.710  INFO 6592 --- [task-1] o.hibernate.annotations.common.Version   : HCANN000001: Hibernate Commons Annotations {5.1.2.Final}
2021-01-19 22:42:45.793  WARN 6592 --- [restartedMain] JpaBaseConfiguration$JpaWebConfiguration : spring.jpa.open-in-view is enabled by default. Therefore, database queries may be performed during view rendering. Explicitly configure spring.jpa.open-in-view to disable this warning
2021-01-19 22:42:45.934  INFO 6592 --- [task-1] org.hibernate.dialect.Dialect            : HHH000400: Using dialect: org.hibernate.dialect.H2Dialect
2021-01-19 22:42:46.075  INFO 6592 --- [restartedMain] o.s.b.a.e.web.EndpointLinksResolver      : Exposing 14 endpoint(s) beneath base path '/actuator'
2021-01-19 22:42:46.306  INFO 6592 --- [restartedMain] o.s.b.d.a.OptionalLiveReloadServer       : LiveReload server is running on port 35729
2021-01-19 22:42:46.757  INFO 6592 --- [task-1] o.h.e.t.j.p.i.JtaPlatformInitiator       : HHH000490: Using JtaPlatform implementation: [org.hibernate.engine.transaction.jta.platform.internal.NoJtaPlatform]
2021-01-19 22:42:46.766  INFO 6592 --- [task-1] j.LocalContainerEntityManagerFactoryBean : Initialized JPA EntityManagerFactory for persistence unit 'default'
2021-01-19 22:42:46.818  INFO 6592 --- [restartedMain] o.s.b.w.embedded.tomcat.TomcatWebServer  : Tomcat started on port(s): 8080 (http) with context path ''
2021-01-19 22:42:46.819  INFO 6592 --- [restartedMain] d.s.w.p.DocumentationPluginsBootstrapper : Context refreshed
2021-01-19 22:42:46.837  INFO 6592 --- [restartedMain] d.s.w.p.DocumentationPluginsBootstrapper : Found 1 custom documentation plugin(s)
2021-01-19 22:42:46.848  INFO 6592 --- [restartedMain] s.d.s.w.s.ApiListingReferenceScanner     : Scanning for api listing references
2021-01-19 22:42:47.034  INFO 6592 --- [restartedMain] .d.s.w.r.o.CachingOperationNameGenerator : Generating unique operation named: createUsingPOST_1
2021-01-19 22:42:47.040  INFO 6592 --- [restartedMain] .d.s.w.r.o.CachingOperationNameGenerator : Generating unique operation named: findUsingGET_1
2021-01-19 22:42:47.056  INFO 6592 --- [restartedMain] DeferredRepositoryInitializationListener : Triggering deferred initialization of Spring Data repositories…
2021-01-19 22:42:47.493  INFO 6592 --- [restartedMain] DeferredRepositoryInitializationListener : Spring Data repositories initialized!
2021-01-19 22:42:47.507  INFO 6592 --- [restartedMain] c.g.libraryapi.LibraryApiApplication     : Started LibraryApiApplication in 5.587 seconds (JVM running for 6.542)
2021-01-19 22:42:48.761  INFO 6592 --- [RMI TCP Connection(3)-127.0.0.1] o.a.c.c.C.[Tomcat].[localhost].[/]       : Initializing Spring DispatcherServlet 'dispatcherServlet'
2021-01-19 22:42:48.761  INFO 6592 --- [RMI TCP Connection(3)-127.0.0.1] o.s.web.servlet.DispatcherServlet        : Initializing Servlet 'dispatcherServlet'
2021-01-19 22:42:48.769  INFO 6592 --- [RMI TCP Connection(3)-127.0.0.1] o.s.web.servlet.DispatcherServlet        : Completed initialization in 8 ms
2021-01-19 22:43:07.273  INFO 6592 --- [http-nio-8080-exec-8] c.g.libraryapi.resources.BookController  :  creating a book for isbn: string 
2021-01-19 22:46:30.291  INFO 6592 --- [Thread-5] j.LocalContainerEntityManagerFactoryBean : Closing JPA EntityManagerFactory for persistence unit 'default'
2021-01-19 22:46:30.292  INFO 6592 --- [Thread-5] .SchemaDropperImpl$DelayedDropActionImpl : HHH000477: Starting delayed evictData of schema as part of SessionFactory shut-down'
2021-01-19 22:46:30.306  INFO 6592 --- [Thread-5] o.s.s.c.ThreadPoolTaskScheduler          : Shutting down ExecutorService 'taskScheduler'
2021-01-19 22:46:30.307  INFO 6592 --- [Thread-5] o.s.s.concurrent.ThreadPoolTaskExecutor  : Shutting down ExecutorService 'applicationTaskExecutor'
2021-01-19 22:46:30.311  INFO 6592 --- [Thread-5] com.zaxxer.hikari.HikariDataSource       : HikariPool-1 - Shutdown initiated...
2021-01-19 22:46:30.325  INFO 6592 --- [Thread-5] com.zaxxer.hikari.HikariDataSource       : HikariPool-1 - Shutdown completed.
2021-01-19 22:49:06.366  INFO 11168 --- [restartedMain] c.g.libraryapi.LibraryApiApplication     : Starting LibraryApiApplication on DESKTOP-GR60330 with PID 11168 (C:\workspace-teste\library-api\target\classes started by gabri in C:\workspace-teste\library-api)
2021-01-19 22:49:06.372  INFO 11168 --- [restartedMain] c.g.libraryapi.LibraryApiApplication     : No active profile set, falling back to default profiles: default
2021-01-19 22:49:06.421  INFO 11168 --- [restartedMain] .e.DevToolsPropertyDefaultsPostProcessor : Devtools property defaults active! Set 'spring.devtools.add-properties' to 'false' to disable
2021-01-19 22:49:06.421  INFO 11168 --- [restartedMain] .e.DevToolsPropertyDefaultsPostProcessor : For additional web related logging consider setting the 'logging.level.web' property to 'DEBUG'
2021-01-19 22:49:08.017  INFO 11168 --- [restartedMain] .s.d.r.c.RepositoryConfigurationDelegate : Bootstrapping Spring Data JPA repositories in DEFERRED mode.
2021-01-19 22:49:08.091  INFO 11168 --- [restartedMain] .s.d.r.c.RepositoryConfigurationDelegate : Finished Spring Data repository scanning in 65ms. Found 2 JPA repository interfaces.
2021-01-19 22:49:08.801  INFO 11168 --- [restartedMain] o.s.b.w.embedded.tomcat.TomcatWebServer  : Tomcat initialized with port(s): 8080 (http)
2021-01-19 22:49:08.811  INFO 11168 --- [restartedMain] o.apache.catalina.core.StandardService   : Starting service [Tomcat]
2021-01-19 22:49:08.812  INFO 11168 --- [restartedMain] org.apache.catalina.core.StandardEngine  : Starting Servlet engine: [Apache Tomcat/9.0.39]
2021-01-19 22:49:08.919  INFO 11168 --- [restartedMain] o.a.c.c.C.[Tomcat].[localhost].[/]       : Initializing Spring embedded WebApplicationContext
2021-01-19 22:49:08.920  INFO 11168 --- [restartedMain] w.s.c.ServletWebServerApplicationContext : Root WebApplicationContext: initialization completed in 2499 ms
2021-01-19 22:49:09.065  INFO 11168 --- [restartedMain] com.zaxxer.hikari.HikariDataSource       : HikariPool-1 - Starting...
2021-01-19 22:49:09.316  INFO 11168 --- [restartedMain] com.zaxxer.hikari.HikariDataSource       : HikariPool-1 - Start completed.
2021-01-19 22:49:09.327  INFO 11168 --- [restartedMain] o.s.b.a.h2.H2ConsoleAutoConfiguration    : H2 console available at '/h2-console'. Database available at 'jdbc:h2:~/testLibraryApi'
2021-01-19 22:49:09.404  INFO 11168 --- [restartedMain] o.s.b.a.e.web.ServletEndpointRegistrar   : Registered '/actuator/jolokia' to jolokia-actuator-endpoint
2021-01-19 22:49:09.507  INFO 11168 --- [restartedMain] o.s.s.concurrent.ThreadPoolTaskExecutor  : Initializing ExecutorService 'applicationTaskExecutor'
2021-01-19 22:49:09.521  INFO 11168 --- [restartedMain] o.s.s.c.ThreadPoolTaskScheduler          : Initializing ExecutorService 'taskScheduler'
2021-01-19 22:49:09.594  INFO 11168 --- [task-1] o.hibernate.jpa.internal.util.LogHelper  : HHH000204: Processing PersistenceUnitInfo [name: default]
2021-01-19 22:49:09.672  INFO 11168 --- [task-1] org.hibernate.Version                    : HHH000412: Hibernate ORM core version 5.4.23.Final
2021-01-19 22:49:10.002  INFO 11168 --- [task-1] o.hibernate.annotations.common.Version   : HCANN000001: Hibernate Commons Annotations {5.1.2.Final}
2021-01-19 22:49:10.037  WARN 11168 --- [restartedMain] JpaBaseConfiguration$JpaWebConfiguration : spring.jpa.open-in-view is enabled by default. Therefore, database queries may be performed during view rendering. Explicitly configure spring.jpa.open-in-view to disable this warning
2021-01-19 22:49:10.495  INFO 11168 --- [task-1] org.hibernate.dialect.Dialect            : HHH000400: Using dialect: org.hibernate.dialect.H2Dialect
2021-01-19 22:49:10.667  INFO 11168 --- [restartedMain] o.s.b.a.e.web.EndpointLinksResolver      : Exposing 15 endpoint(s) beneath base path '/actuator'
2021-01-19 22:49:11.081  INFO 11168 --- [restartedMain] o.s.b.d.a.OptionalLiveReloadServer       : LiveReload server is running on port 35729
2021-01-19 22:49:11.383  INFO 11168 --- [restartedMain] o.s.s.c.ThreadPoolTaskScheduler          : Initializing ExecutorService
2021-01-19 22:49:11.862  INFO 11168 --- [task-1] o.h.e.t.j.p.i.JtaPlatformInitiator       : HHH000490: Using JtaPlatform implementation: [org.hibernate.engine.transaction.jta.platform.internal.NoJtaPlatform]
2021-01-19 22:49:11.874  INFO 11168 --- [task-1] j.LocalContainerEntityManagerFactoryBean : Initialized JPA EntityManagerFactory for persistence unit 'default'
2021-01-19 22:49:11.918  INFO 11168 --- [restartedMain] o.s.b.w.embedded.tomcat.TomcatWebServer  : Tomcat started on port(s): 8080 (http) with context path ''
2021-01-19 22:49:11.919  INFO 11168 --- [restartedMain] d.s.w.p.DocumentationPluginsBootstrapper : Context refreshed
2021-01-19 22:49:11.941  INFO 11168 --- [restartedMain] d.s.w.p.DocumentationPluginsBootstrapper : Found 1 custom documentation plugin(s)
2021-01-19 22:49:11.953  INFO 11168 --- [restartedMain] s.d.s.w.s.ApiListingReferenceScanner     : Scanning for api listing references
2021-01-19 22:49:12.158  INFO 11168 --- [restartedMain] .d.s.w.r.o.CachingOperationNameGenerator : Generating unique operation named: createUsingPOST_1
2021-01-19 22:49:12.164  INFO 11168 --- [restartedMain] .d.s.w.r.o.CachingOperationNameGenerator : Generating unique operation named: findUsingGET_1
2021-01-19 22:49:12.183  INFO 11168 --- [restartedMain] DeferredRepositoryInitializationListener : Triggering deferred initialization of Spring Data repositories…
2021-01-19 22:49:12.710  INFO 11168 --- [restartedMain] DeferredRepositoryInitializationListener : Spring Data repositories initialized!
2021-01-19 22:49:12.731  INFO 11168 --- [restartedMain] c.g.libraryapi.LibraryApiApplication     : Started LibraryApiApplication in 6.806 seconds (JVM running for 7.987)
2021-01-19 22:49:13.196  INFO 11168 --- [RMI TCP Connection(3)-127.0.0.1] o.a.c.c.C.[Tomcat].[localhost].[/]       : Initializing Spring DispatcherServlet 'dispatcherServlet'
2021-01-19 22:49:13.197  INFO 11168 --- [RMI TCP Connection(3)-127.0.0.1] o.s.web.servlet.DispatcherServlet        : Initializing Servlet 'dispatcherServlet'
2021-01-19 22:49:13.207  INFO 11168 --- [RMI TCP Connection(3)-127.0.0.1] o.s.web.servlet.DispatcherServlet        : Completed initialization in 10 ms
2021-01-19 22:49:14.851  WARN 11168 --- [registrationTask1] d.c.b.a.c.r.ApplicationRegistrator       : Failed to register application as Application(name=spring-boot-application, managementUrl=http://host.docker.internal:8080/actuator, healthUrl=http://host.docker.internal:8080/actuator/health, serviceUrl=http://host.docker.internal:8080/) at spring-boot-admin ([http://localhost:8081//instances]): I/O error on POST request for "http://localhost:8081/instances": Connection refused: no further information; nested exception is java.net.ConnectException: Connection refused: no further information. Further attempts are logged on DEBUG level
2021-01-19 22:50:30.633  INFO 11168 --- [Thread-5] o.s.s.c.ThreadPoolTaskScheduler          : Shutting down ExecutorService
2021-01-19 22:50:30.635  INFO 11168 --- [Thread-5] j.LocalContainerEntityManagerFactoryBean : Closing JPA EntityManagerFactory for persistence unit 'default'
2021-01-19 22:50:30.636  INFO 11168 --- [Thread-5] .SchemaDropperImpl$DelayedDropActionImpl : HHH000477: Starting delayed evictData of schema as part of SessionFactory shut-down'
2021-01-19 22:50:30.641  INFO 11168 --- [Thread-5] o.s.s.c.ThreadPoolTaskScheduler          : Shutting down ExecutorService 'taskScheduler'
2021-01-19 22:50:30.642  INFO 11168 --- [Thread-5] o.s.s.concurrent.ThreadPoolTaskExecutor  : Shutting down ExecutorService 'applicationTaskExecutor'
2021-01-19 22:50:30.644  INFO 11168 --- [Thread-5] com.zaxxer.hikari.HikariDataSource       : HikariPool-1 - Shutdown initiated...
2021-01-19 22:50:30.650  INFO 11168 --- [Thread-5] com.zaxxer.hikari.HikariDataSource       : HikariPool-1 - Shutdown completed.
2021-01-19 22:50:30.757  INFO 11168 --- [restartedMain] c.g.libraryapi.LibraryApiApplication     : Starting LibraryApiApplication on DESKTOP-GR60330 with PID 11168 (C:\workspace-teste\library-api\target\classes started by gabri in C:\workspace-teste\library-api)
2021-01-19 22:50:30.757  INFO 11168 --- [restartedMain] c.g.libraryapi.LibraryApiApplication     : No active profile set, falling back to default profiles: default
2021-01-19 22:50:31.283  INFO 11168 --- [restartedMain] .s.d.r.c.RepositoryConfigurationDelegate : Bootstrapping Spring Data JPA repositories in DEFERRED mode.
2021-01-19 22:50:31.302  INFO 11168 --- [restartedMain] .s.d.r.c.RepositoryConfigurationDelegate : Finished Spring Data repository scanning in 19ms. Found 2 JPA repository interfaces.
2021-01-19 22:50:31.470  INFO 11168 --- [restartedMain] o.s.b.w.embedded.tomcat.TomcatWebServer  : Tomcat initialized with port(s): 8080 (http)
2021-01-19 22:50:31.470  INFO 11168 --- [restartedMain] o.apache.catalina.core.StandardService   : Starting service [Tomcat]
2021-01-19 22:50:31.471  INFO 11168 --- [restartedMain] org.apache.catalina.core.StandardEngine  : Starting Servlet engine: [Apache Tomcat/9.0.39]
2021-01-19 22:50:31.499  INFO 11168 --- [restartedMain] o.a.c.c.C.[Tomcat].[localhost].[/]       : Initializing Spring embedded WebApplicationContext
2021-01-19 22:50:31.499  INFO 11168 --- [restartedMain] w.s.c.ServletWebServerApplicationContext : Root WebApplicationContext: initialization completed in 739 ms
2021-01-19 22:50:31.569  INFO 11168 --- [restartedMain] com.zaxxer.hikari.HikariDataSource       : HikariPool-2 - Starting...
2021-01-19 22:50:31.584  INFO 11168 --- [restartedMain] com.zaxxer.hikari.HikariDataSource       : HikariPool-2 - Start completed.
2021-01-19 22:50:31.585  INFO 11168 --- [restartedMain] o.s.b.a.h2.H2ConsoleAutoConfiguration    : H2 console available at '/h2-console'. Database available at 'jdbc:h2:~/testLibraryApi'
2021-01-19 22:50:31.625  INFO 11168 --- [restartedMain] o.s.b.a.e.web.ServletEndpointRegistrar   : Registered '/actuator/jolokia' to jolokia-actuator-endpoint
2021-01-19 22:50:31.649  INFO 11168 --- [restartedMain] o.s.s.concurrent.ThreadPoolTaskExecutor  : Initializing ExecutorService 'applicationTaskExecutor'
2021-01-19 22:50:31.654  INFO 11168 --- [restartedMain] o.s.s.c.ThreadPoolTaskScheduler          : Initializing ExecutorService 'taskScheduler'
2021-01-19 22:50:31.663  INFO 11168 --- [task-1] o.hibernate.jpa.internal.util.LogHelper  : HHH000204: Processing PersistenceUnitInfo [name: default]
2021-01-19 22:50:31.672  INFO 11168 --- [task-1] org.hibernate.dialect.Dialect            : HHH000400: Using dialect: org.hibernate.dialect.H2Dialect
2021-01-19 22:50:31.763  INFO 11168 --- [task-1] o.h.e.t.j.p.i.JtaPlatformInitiator       : HHH000490: Using JtaPlatform implementation: [org.hibernate.engine.transaction.jta.platform.internal.NoJtaPlatform]
2021-01-19 22:50:31.764  INFO 11168 --- [task-1] j.LocalContainerEntityManagerFactoryBean : Initialized JPA EntityManagerFactory for persistence unit 'default'
2021-01-19 22:50:31.813  INFO 11168 --- [task-2] o.s.b.d.a.OptionalLiveReloadServer       : LiveReload server is running on port 35729
2021-01-19 22:50:31.841  WARN 11168 --- [restartedMain] JpaBaseConfiguration$JpaWebConfiguration : spring.jpa.open-in-view is enabled by default. Therefore, database queries may be performed during view rendering. Explicitly configure spring.jpa.open-in-view to disable this warning
2021-01-19 22:50:32.007  INFO 11168 --- [restartedMain] o.s.b.a.e.web.EndpointLinksResolver      : Exposing 15 endpoint(s) beneath base path '/actuator'
2021-01-19 22:50:32.282  INFO 11168 --- [restartedMain] o.s.b.w.embedded.tomcat.TomcatWebServer  : Tomcat started on port(s): 8080 (http) with context path ''
2021-01-19 22:50:32.284  INFO 11168 --- [restartedMain] d.s.w.p.DocumentationPluginsBootstrapper : Context refreshed
2021-01-19 22:50:32.291  INFO 11168 --- [restartedMain] d.s.w.p.DocumentationPluginsBootstrapper : Found 1 custom documentation plugin(s)
2021-01-19 22:50:32.303  INFO 11168 --- [restartedMain] s.d.s.w.s.ApiListingReferenceScanner     : Scanning for api listing references
2021-01-19 22:50:32.436  INFO 11168 --- [restartedMain] .d.s.w.r.o.CachingOperationNameGenerator : Generating unique operation named: createUsingPOST_1
2021-01-19 22:50:32.442  INFO 11168 --- [restartedMain] .d.s.w.r.o.CachingOperationNameGenerator : Generating unique operation named: findUsingGET_1
2021-01-19 22:50:32.448  INFO 11168 --- [restartedMain] DeferredRepositoryInitializationListener : Triggering deferred initialization of Spring Data repositories…
2021-01-19 22:50:32.535  INFO 11168 --- [restartedMain] DeferredRepositoryInitializationListener : Spring Data repositories initialized!
2021-01-19 22:50:32.542  INFO 11168 --- [restartedMain] c.g.libraryapi.LibraryApiApplication     : Started LibraryApiApplication in 1.825 seconds (JVM running for 87.799)
2021-01-19 22:50:32.549  INFO 11168 --- [restartedMain] .ConditionEvaluationDeltaLoggingListener : Condition evaluation delta:


==========================
CONDITION EVALUATION DELTA
==========================


Positive matches:
-----------------

    None


Negative matches:
-----------------

   SpringBootAdminClientAutoConfiguration:
      Did not match:
         - Spring Boot Client is disabled, because 'spring.boot.admin.client.url' is empty. (SpringBootAdminClientEnabledCondition)
      Matched:
         - @ConditionalOnWebApplication (required) found 'session' scope (OnWebApplicationCondition)


Exclusions:
-----------

    None


Unconditional classes:
----------------------

    None



2021-01-19 22:51:50.100  INFO 11168 --- [Thread-9] j.LocalContainerEntityManagerFactoryBean : Closing JPA EntityManagerFactory for persistence unit 'default'
2021-01-19 22:51:50.101  INFO 11168 --- [Thread-9] .SchemaDropperImpl$DelayedDropActionImpl : HHH000477: Starting delayed evictData of schema as part of SessionFactory shut-down'
2021-01-19 22:51:50.105  INFO 11168 --- [Thread-9] o.s.s.c.ThreadPoolTaskScheduler          : Shutting down ExecutorService 'taskScheduler'
2021-01-19 22:51:50.106  INFO 11168 --- [Thread-9] o.s.s.concurrent.ThreadPoolTaskExecutor  : Shutting down ExecutorService 'applicationTaskExecutor'
2021-01-19 22:51:50.107  INFO 11168 --- [Thread-9] com.zaxxer.hikari.HikariDataSource       : HikariPool-2 - Shutdown initiated...
2021-01-19 22:51:50.120  INFO 11168 --- [Thread-9] com.zaxxer.hikari.HikariDataSource       : HikariPool-2 - Shutdown completed.
